Traceback (most recent call last):
  File "C:\Users\edier\miniconda3\Lib\site-packages\jupyter_cache\executors\utils.py", line 58, in single_nb_execution
    executenb(
  File "C:\Users\edier\miniconda3\Lib\site-packages\nbclient\client.py", line 1305, in execute
    return NotebookClient(nb=nb, resources=resources, km=km, **kwargs).execute()
           ^^^^^^^^^^^^^^^^^^^^^^^^^^^^^^^^^^^^^^^^^^^^^^^^^^^^^^^^^^^^^^^^^^^^^
  File "C:\Users\edier\AppData\Roaming\Python\Python311\site-packages\jupyter_core\utils\__init__.py", line 166, in wrapped
    return loop.run_until_complete(inner)
           ^^^^^^^^^^^^^^^^^^^^^^^^^^^^^^
  File "C:\Users\edier\miniconda3\Lib\asyncio\base_events.py", line 653, in run_until_complete
    return future.result()
           ^^^^^^^^^^^^^^^
  File "C:\Users\edier\miniconda3\Lib\site-packages\nbclient\client.py", line 705, in async_execute
    await self.async_execute_cell(
  File "C:\Users\edier\miniconda3\Lib\site-packages\nbclient\client.py", line 1058, in async_execute_cell
    await self._check_raise_for_error(cell, cell_index, exec_reply)
  File "C:\Users\edier\miniconda3\Lib\site-packages\nbclient\client.py", line 914, in _check_raise_for_error
    raise CellExecutionError.from_cell_and_msg(cell, exec_reply_content)
nbclient.exceptions.CellExecutionError: An error occurred while executing the following cell:
------------------
ax = neighborhoods.plot(color='k', 
                        alpha=0.5,
                        figsize=(12,6))
neighborhoods.merge(neighborhood_effects, how='left',
                    left_on='neighbourhood', 
                    right_index=True)\
                  .dropna(subset=['fixed_effect'])\
                  .plot('fixed_effect',
                        ax=ax)
ax.set_title("San Diego Neighborhood Fixed Effects")
plt.show()
------------------


[1;31m---------------------------------------------------------------------------[0m
[1;31mNameError[0m                                 Traceback (most recent call last)
Cell [1;32mIn[8], line 4[0m
[0;32m      1[0m ax [38;5;241m=[39m neighborhoods[38;5;241m.[39mplot(color[38;5;241m=[39m[38;5;124m'[39m[38;5;124mk[39m[38;5;124m'[39m, 
[0;32m      2[0m                         alpha[38;5;241m=[39m[38;5;241m0.5[39m,
[0;32m      3[0m                         figsize[38;5;241m=[39m([38;5;241m12[39m,[38;5;241m6[39m))
[1;32m----> 4[0m neighborhoods[38;5;241m.[39mmerge([43mneighborhood_effects[49m, how[38;5;241m=[39m[38;5;124m'[39m[38;5;124mleft[39m[38;5;124m'[39m,
[0;32m      5[0m                     left_on[38;5;241m=[39m[38;5;124m'[39m[38;5;124mneighbourhood[39m[38;5;124m'[39m, 
[0;32m      6[0m                     right_index[38;5;241m=[39m[38;5;28;01mTrue[39;00m)\
[0;32m      7[0m                   [38;5;241m.[39mdropna(subset[38;5;241m=[39m[[38;5;124m'[39m[38;5;124mfixed_effect[39m[38;5;124m'[39m])\
[0;32m      8[0m                   [38;5;241m.[39mplot([38;5;124m'[39m[38;5;124mfixed_effect[39m[38;5;124m'[39m,
[0;32m      9[0m                         ax[38;5;241m=[39max)
[0;32m     10[0m ax[38;5;241m.[39mset_title([38;5;124m"[39m[38;5;124mSan Diego Neighborhood Fixed Effects[39m[38;5;124m"[39m)
[0;32m     11[0m plt[38;5;241m.[39mshow()

[1;31mNameError[0m: name 'neighborhood_effects' is not defined

