Traceback (most recent call last):
  File "C:\Users\edier\miniconda3\Lib\site-packages\jupyter_cache\executors\utils.py", line 58, in single_nb_execution
    executenb(
  File "C:\Users\edier\miniconda3\Lib\site-packages\nbclient\client.py", line 1305, in execute
    return NotebookClient(nb=nb, resources=resources, km=km, **kwargs).execute()
           ^^^^^^^^^^^^^^^^^^^^^^^^^^^^^^^^^^^^^^^^^^^^^^^^^^^^^^^^^^^^^^^^^^^^^
  File "C:\Users\edier\AppData\Roaming\Python\Python311\site-packages\jupyter_core\utils\__init__.py", line 166, in wrapped
    return loop.run_until_complete(inner)
           ^^^^^^^^^^^^^^^^^^^^^^^^^^^^^^
  File "C:\Users\edier\miniconda3\Lib\asyncio\base_events.py", line 653, in run_until_complete
    return future.result()
           ^^^^^^^^^^^^^^^
  File "C:\Users\edier\miniconda3\Lib\site-packages\nbclient\client.py", line 705, in async_execute
    await self.async_execute_cell(
  File "C:\Users\edier\miniconda3\Lib\site-packages\nbclient\client.py", line 1058, in async_execute_cell
    await self._check_raise_for_error(cell, cell_index, exec_reply)
  File "C:\Users\edier\miniconda3\Lib\site-packages\nbclient\client.py", line 914, in _check_raise_for_error
    raise CellExecutionError.from_cell_and_msg(cell, exec_reply_content)
nbclient.exceptions.CellExecutionError: An error occurred while executing the following cell:
------------------
db['residual'] = m1.u
medians = db.groupby("neighborhood").residual.median().to_frame('hood_residual')

f = plt.figure(figsize=(15,3))
ax = plt.gca()
seaborn.boxplot('neighborhood', 'residual', ax = ax,
                data=db.merge(medians, how='left',left_on='neighborhood',right_index=True).sort_values('hood_residual'), palette='bwr')
f.autofmt_xdate()
plt.show()
------------------


[1;31m---------------------------------------------------------------------------[0m
[1;31mTypeError[0m                                 Traceback (most recent call last)
Cell [1;32mIn[14], line 6[0m
[0;32m      4[0m f [38;5;241m=[39m plt[38;5;241m.[39mfigure(figsize[38;5;241m=[39m([38;5;241m15[39m,[38;5;241m3[39m))
[0;32m      5[0m ax [38;5;241m=[39m plt[38;5;241m.[39mgca()
[1;32m----> 6[0m [43mseaborn[49m[38;5;241;43m.[39;49m[43mboxplot[49m[43m([49m[38;5;124;43m'[39;49m[38;5;124;43mneighborhood[39;49m[38;5;124;43m'[39;49m[43m,[49m[43m [49m[38;5;124;43m'[39;49m[38;5;124;43mresidual[39;49m[38;5;124;43m'[39;49m[43m,[49m[43m [49m[43max[49m[43m [49m[38;5;241;43m=[39;49m[43m [49m[43max[49m[43m,[49m
[0;32m      7[0m [43m                [49m[43mdata[49m[38;5;241;43m=[39;49m[43mdb[49m[38;5;241;43m.[39;49m[43mmerge[49m[43m([49m[43mmedians[49m[43m,[49m[43m [49m[43mhow[49m[38;5;241;43m=[39;49m[38;5;124;43m'[39;49m[38;5;124;43mleft[39;49m[38;5;124;43m'[39;49m[43m,[49m[43mleft_on[49m[38;5;241;43m=[39;49m[38;5;124;43m'[39;49m[38;5;124;43mneighborhood[39;49m[38;5;124;43m'[39;49m[43m,[49m[43mright_index[49m[38;5;241;43m=[39;49m[38;5;28;43;01mTrue[39;49;00m[43m)[49m[38;5;241;43m.[39;49m[43msort_values[49m[43m([49m[38;5;124;43m'[39;49m[38;5;124;43mhood_residual[39;49m[38;5;124;43m'[39;49m[43m)[49m[43m,[49m[43m [49m[43mpalette[49m[38;5;241;43m=[39;49m[38;5;124;43m'[39;49m[38;5;124;43mbwr[39;49m[38;5;124;43m'[39;49m[43m)[49m
[0;32m      8[0m f[38;5;241m.[39mautofmt_xdate()
[0;32m      9[0m plt[38;5;241m.[39mshow()

[1;31mTypeError[0m: boxplot() got multiple values for argument 'data'

