Traceback (most recent call last):
  File "C:\Users\edier\miniconda3\Lib\site-packages\jupyter_cache\executors\utils.py", line 58, in single_nb_execution
    executenb(
  File "C:\Users\edier\miniconda3\Lib\site-packages\nbclient\client.py", line 1305, in execute
    return NotebookClient(nb=nb, resources=resources, km=km, **kwargs).execute()
           ^^^^^^^^^^^^^^^^^^^^^^^^^^^^^^^^^^^^^^^^^^^^^^^^^^^^^^^^^^^^^^^^^^^^^
  File "C:\Users\edier\AppData\Roaming\Python\Python311\site-packages\jupyter_core\utils\__init__.py", line 166, in wrapped
    return loop.run_until_complete(inner)
           ^^^^^^^^^^^^^^^^^^^^^^^^^^^^^^
  File "C:\Users\edier\miniconda3\Lib\asyncio\base_events.py", line 653, in run_until_complete
    return future.result()
           ^^^^^^^^^^^^^^^
  File "C:\Users\edier\miniconda3\Lib\site-packages\nbclient\client.py", line 705, in async_execute
    await self.async_execute_cell(
  File "C:\Users\edier\miniconda3\Lib\site-packages\nbclient\client.py", line 1058, in async_execute_cell
    await self._check_raise_for_error(cell, cell_index, exec_reply)
  File "C:\Users\edier\miniconda3\Lib\site-packages\nbclient\client.py", line 914, in _check_raise_for_error
    raise CellExecutionError.from_cell_and_msg(cell, exec_reply_content)
nbclient.exceptions.CellExecutionError: An error occurred while executing the following cell:
------------------
gwr_results.summary()
------------------


[1;31m---------------------------------------------------------------------------[0m
[1;31mAttributeError[0m                            Traceback (most recent call last)
Cell [1;32mIn[14], line 1[0m
[1;32m----> 1[0m [43mgwr_results[49m[38;5;241;43m.[39;49m[43msummary[49m[43m([49m[43m)[49m

File [1;32m~\miniconda3\Lib\site-packages\mgwr\gwr.py:1244[0m, in [0;36mGWRResults.summary[1;34m(self)[0m
[0;32m   1240[0m [38;5;28;01mdef[39;00m [38;5;21msummary[39m([38;5;28mself[39m):
[0;32m   1241[0m [38;5;250m    [39m[38;5;124;03m"""[39;00m
[0;32m   1242[0m [38;5;124;03m    Print out GWR summary[39;00m
[0;32m   1243[0m [38;5;124;03m    """[39;00m
[1;32m-> 1244[0m     summary [38;5;241m=[39m summaryModel([38;5;28mself[39m) [38;5;241m+[39m [43msummaryGLM[49m[43m([49m[38;5;28;43mself[39;49m[43m)[49m [38;5;241m+[39m summaryGWR([38;5;28mself[39m)
[0;32m   1245[0m     [38;5;28mprint[39m(summary)
[0;32m   1246[0m     [38;5;28;01mreturn[39;00m

File [1;32m~\miniconda3\Lib\site-packages\mgwr\summary.py:19[0m, in [0;36msummaryGLM[1;34m(self)[0m
[0;32m     15[0m [38;5;28;01mdef[39;00m [38;5;21msummaryGLM[39m([38;5;28mself[39m):
[0;32m     17[0m     XNames [38;5;241m=[39m [[38;5;124m"[39m[38;5;124mX[39m[38;5;124m"[39m [38;5;241m+[39m [38;5;28mstr[39m(i) [38;5;28;01mfor[39;00m i [38;5;129;01min[39;00m [38;5;28mrange[39m([38;5;28mself[39m[38;5;241m.[39mk)]
[0;32m     18[0m     glm_rslt [38;5;241m=[39m [43mGLM[49m[43m([49m[38;5;28;43mself[39;49m[38;5;241;43m.[39;49m[43mmodel[49m[38;5;241;43m.[39;49m[43my[49m[43m,[49m[43m [49m[38;5;28;43mself[39;49m[38;5;241;43m.[39;49m[43mmodel[49m[38;5;241;43m.[39;49m[43mX[49m[43m,[49m[43m [49m[43mconstant[49m[38;5;241;43m=[39;49m[38;5;28;43;01mFalse[39;49;00m[43m,[49m
[1;32m---> 19[0m [43m                   [49m[43mfamily[49m[38;5;241;43m=[39;49m[38;5;28;43mself[39;49m[38;5;241;43m.[39;49m[43mfamily[49m[43m)[49m[38;5;241;43m.[39;49m[43mfit[49m[43m([49m[43m)[49m
[0;32m     21[0m     summary [38;5;241m=[39m [38;5;124m"[39m[38;5;132;01m%s[39;00m[38;5;130;01m\n[39;00m[38;5;124m"[39m [38;5;241m%[39m ([38;5;124m'[39m[38;5;124mGlobal Regression Results[39m[38;5;124m'[39m)
[0;32m     22[0m     summary [38;5;241m+[39m[38;5;241m=[39m [38;5;124m'[39m[38;5;124m-[39m[38;5;124m'[39m [38;5;241m*[39m [38;5;241m75[39m [38;5;241m+[39m [38;5;124m'[39m[38;5;130;01m\n[39;00m[38;5;124m'[39m

File [1;32m~\miniconda3\Lib\site-packages\spglm\glm.py:132[0m, in [0;36mGLM.fit[1;34m(self, ini_betas, tol, max_iter, solve)[0m
[0;32m    130[0m [38;5;28mself[39m[38;5;241m.[39mfit_params[[38;5;124m'[39m[38;5;124msolve[39m[38;5;124m'[39m] [38;5;241m=[39m solve
[0;32m    131[0m [38;5;28;01mif[39;00m solve[38;5;241m.[39mlower() [38;5;241m==[39m [38;5;124m'[39m[38;5;124miwls[39m[38;5;124m'[39m:
[1;32m--> 132[0m     params, predy, w, n_iter [38;5;241m=[39m [43miwls[49m[43m([49m
[0;32m    133[0m [43m        [49m[38;5;28;43mself[39;49m[38;5;241;43m.[39;49m[43my[49m[43m,[49m[43m [49m[38;5;28;43mself[39;49m[38;5;241;43m.[39;49m[43mX[49m[43m,[49m[43m [49m[38;5;28;43mself[39;49m[38;5;241;43m.[39;49m[43mfamily[49m[43m,[49m[43m [49m[38;5;28;43mself[39;49m[38;5;241;43m.[39;49m[43moffset[49m[43m,[49m[43m [49m[38;5;28;43mself[39;49m[38;5;241;43m.[39;49m[43my_fix[49m[43m,[49m[43m [49m[43mini_betas[49m[43m,[49m[43m [49m[43mtol[49m[43m,[49m[43m [49m[43mmax_iter[49m[43m)[49m
[0;32m    134[0m     [38;5;28mself[39m[38;5;241m.[39mfit_params[[38;5;124m'[39m[38;5;124mn_iter[39m[38;5;124m'[39m] [38;5;241m=[39m n_iter
[0;32m    135[0m [38;5;28;01mreturn[39;00m GLMResults([38;5;28mself[39m, params[38;5;241m.[39mflatten(), predy, w)

File [1;32m~\miniconda3\Lib\site-packages\spglm\iwls.py:111[0m, in [0;36miwls[1;34m(y, x, family, offset, y_fix, ini_betas, tol, max_iter, wi)[0m
[0;32m    108[0m diff [38;5;241m=[39m [38;5;241m1.0e6[39m
[0;32m    110[0m [38;5;28;01mif[39;00m ini_betas [38;5;129;01mis[39;00m [38;5;28;01mNone[39;00m:
[1;32m--> 111[0m     betas [38;5;241m=[39m np[38;5;241m.[39mzeros((x[38;5;241m.[39mshape[[38;5;241m1[39m], [38;5;241m1[39m), [43mnp[49m[38;5;241;43m.[39;49m[43mfloat[49m)
[0;32m    112[0m [38;5;28;01melse[39;00m:
[0;32m    113[0m     betas [38;5;241m=[39m ini_betas

File [1;32m~\miniconda3\Lib\site-packages\numpy\__init__.py:313[0m, in [0;36m__getattr__[1;34m(attr)[0m
[0;32m    308[0m     warnings[38;5;241m.[39mwarn(
[0;32m    309[0m         [38;5;124mf[39m[38;5;124m"[39m[38;5;124mIn the future `np.[39m[38;5;132;01m{[39;00mattr[38;5;132;01m}[39;00m[38;5;124m` will be defined as the [39m[38;5;124m"[39m
[0;32m    310[0m         [38;5;124m"[39m[38;5;124mcorresponding NumPy scalar.[39m[38;5;124m"[39m, [38;5;167;01mFutureWarning[39;00m, stacklevel[38;5;241m=[39m[38;5;241m2[39m)
[0;32m    312[0m [38;5;28;01mif[39;00m attr [38;5;129;01min[39;00m __former_attrs__:
[1;32m--> 313[0m     [38;5;28;01mraise[39;00m [38;5;167;01mAttributeError[39;00m(__former_attrs__[attr])
[0;32m    315[0m [38;5;28;01mif[39;00m attr [38;5;241m==[39m [38;5;124m'[39m[38;5;124mtesting[39m[38;5;124m'[39m:
[0;32m    316[0m     [38;5;28;01mimport[39;00m [38;5;21;01mnumpy[39;00m[38;5;21;01m.[39;00m[38;5;21;01mtesting[39;00m [38;5;28;01mas[39;00m [38;5;21;01mtesting[39;00m

[1;31mAttributeError[0m: module 'numpy' has no attribute 'float'.
`np.float` was a deprecated alias for the builtin `float`. To avoid this error in existing code, use `float` by itself. Doing this will not modify any behavior and is safe. If you specifically wanted the numpy scalar type, use `np.float64` here.
The aliases was originally deprecated in NumPy 1.20; for more details and guidance see the original release note at:
    https://numpy.org/devdocs/release/1.20.0-notes.html#deprecations

