Traceback (most recent call last):
  File "C:\Users\edier\miniconda3\envs\geospatial\Lib\site-packages\jupyter_cache\executors\utils.py", line 58, in single_nb_execution
    executenb(
    ~~~~~~~~~^
        nb,
        ^^^
    ...<4 lines>...
        **kwargs,
        ^^^^^^^^^
    )
    ^
  File "C:\Users\edier\miniconda3\envs\geospatial\Lib\site-packages\nbclient\client.py", line 1323, in execute
    return NotebookClient(nb=nb, resources=resources, km=km, **kwargs).execute()
           ~~~~~~~~~~~~~~~~~~~~~~~~~~~~~~~~~~~~~~~~~~~~~~~~~~~~~~~~~~~~~~~~~~~^^
  File "C:\Users\edier\AppData\Roaming\Python\Python314\site-packages\jupyter_core\utils\__init__.py", line 165, in wrapped
    return loop.run_until_complete(inner)
           ~~~~~~~~~~~~~~~~~~~~~~~^^^^^^^
  File "C:\Users\edier\miniconda3\envs\geospatial\Lib\asyncio\base_events.py", line 719, in run_until_complete
    return future.result()
           ~~~~~~~~~~~~~^^
  File "C:\Users\edier\miniconda3\envs\geospatial\Lib\site-packages\nbclient\client.py", line 709, in async_execute
    await self.async_execute_cell(
        cell, index, execution_count=self.code_cells_executed + 1
    )
  File "C:\Users\edier\miniconda3\envs\geospatial\Lib\site-packages\nbclient\client.py", line 1062, in async_execute_cell
    await self._check_raise_for_error(cell, cell_index, exec_reply)
  File "C:\Users\edier\miniconda3\envs\geospatial\Lib\site-packages\nbclient\client.py", line 918, in _check_raise_for_error
    raise CellExecutionError.from_cell_and_msg(cell, exec_reply_content)
nbclient.exceptions.CellExecutionError: An error occurred while executing the following cell:
------------------
ax = neighborhoods.plot(color='k', 
                        alpha=0.5,
                        figsize=(12,6))
neighborhoods.merge(neighborhood_effects, how='left',
                    left_on='neighbourhoods', 
                    right_index=True)\
                  .dropna(subset=['fixed_effect'])\
                  .plot('fixed_effect',
                        ax=ax)
ax.set_title("San Diego Neighborhood Fixed Effects")
plt.show()
------------------


[31m---------------------------------------------------------------------------[39m
[31mKeyError[39m                                  Traceback (most recent call last)
[36mCell[39m[36m [39m[32mIn[14][39m[32m, line 4[39m
[32m      1[39m ax = neighborhoods.plot(color='k', 
[32m      2[39m                         alpha=[32m0.5[39m,
[32m      3[39m                         figsize=([32m12[39m,[32m6[39m))
[32m----> [39m[32m4[39m neighborhoods.merge(neighborhood_effects, how='left',
[32m      5[39m                     left_on=[33m'neighbourhoods'[39m,
[32m      6[39m                     right_index=True)\
[32m      7[39m                   .dropna(subset=['fixed_effect'])\

[36mFile [39m[32m~\AppData\Roaming\Python\Python314\site-packages\pandas\core\frame.py:12900[39m, in [36mDataFrame.merge[39m[34m(self, right, how, on, left_on, right_on, left_index, right_index, sort, suffixes, copy, indicator, validate)[39m
[32m  12896[39m         self._check_copy_deprecation(copy)
[32m  12897[39m 
[32m  12898[39m         [38;5;28;01mfrom[39;00m pandas.core.reshape.merge [38;5;28;01mimport[39;00m merge
[32m  12899[39m 
[32m> [39m[32m12900[39m         return merge(
[32m  12901[39m             self,
[32m  12902[39m             right,
[32m  12903[39m             how=how,

[36mFile [39m[32m~\AppData\Roaming\Python\Python314\site-packages\pandas\core\reshape\merge.py:385[39m, in [36mmerge[39m[34m(left, right, how, on, left_on, right_on, left_index, right_index, sort, suffixes, copy, indicator, validate)[39m
[32m    371[39m     [38;5;28;01mreturn[39;00m _cross_merge(
[32m    372[39m         left_df,
[32m    373[39m         right_df,
[32m   (...)[39m[32m    382[39m         validate=validate,
[32m    383[39m     )
[32m    384[39m [38;5;28;01melse[39;00m:
[32m--> [39m[32m385[39m     op = [30;43m_MergeOperation[39;49m[30;43m([39;49m
[32m    386[39m [30;43m        [39;49m[30;43mleft_df[39;49m[30;43m,[39;49m
[32m    387[39m [30;43m        [39;49m[30;43mright_df[39;49m[30;43m,[39;49m
[32m    388[39m [30;43m        [39;49m[30;43mhow[39;49m[30;43m=[39;49m[30;43mhow[39;49m[30;43m,[39;49m
[32m    389[39m [30;43m        [39;49m[30;43mon[39;49m[30;43m=[39;49m[30;43mon[39;49m[30;43m,[39;49m
[32m    390[39m [30;43m        [39;49m[30;43mleft_on[39;49m[30;43m=[39;49m[30;43mleft_on[39;49m[30;43m,[39;49m
[32m    391[39m [30;43m        [39;49m[30;43mright_on[39;49m[30;43m=[39;49m[30;43mright_on[39;49m[30;43m,[39;49m
[32m    392[39m [30;43m        [39;49m[30;43mleft_index[39;49m[30;43m=[39;49m[30;43mleft_index[39;49m[30;43m,[39;49m
[32m    393[39m [30;43m        [39;49m[30;43mright_index[39;49m[30;43m=[39;49m[30;43mright_index[39;49m[30;43m,[39;49m
[32m    394[39m [30;43m        [39;49m[30;43msort[39;49m[30;43m=[39;49m[30;43msort[39;49m[30;43m,[39;49m
[32m    395[39m [30;43m        [39;49m[30;43msuffixes[39;49m[30;43m=[39;49m[30;43msuffixes[39;49m[30;43m,[39;49m
[32m    396[39m [30;43m        [39;49m[30;43mindicator[39;49m[30;43m=[39;49m[30;43mindicator[39;49m[30;43m,[39;49m
[32m    397[39m [30;43m        [39;49m[30;43mvalidate[39;49m[30;43m=[39;49m[30;43mvalidate[39;49m[30;43m,[39;49m
[32m    398[39m [30;43m    [39;49m[30;43m)[39;49m
[32m    399[39m     [38;5;28;01mreturn[39;00m op.get_result()

[36mFile [39m[32m~\AppData\Roaming\Python\Python314\site-packages\pandas\core\reshape\merge.py:1018[39m, in [36m_MergeOperation.__init__[39m[34m(self, left, right, how, on, left_on, right_on, left_index, right_index, sort, suffixes, indicator, validate)[39m
[32m   1008[39m     [38;5;28;01mraise[39;00m MergeError(msg)
[32m   1010[39m [38;5;28mself[39m.left_on, [38;5;28mself[39m.right_on = [38;5;28mself[39m._validate_left_right_on(left_on, right_on)
[32m   1012[39m (
[32m   1013[39m     [38;5;28mself[39m.left_join_keys,
[32m   1014[39m     [38;5;28mself[39m.right_join_keys,
[32m   1015[39m     [38;5;28mself[39m.join_names,
[32m   1016[39m     left_drop,
[32m   1017[39m     right_drop,
[32m-> [39m[32m1018[39m ) = [30;43mself[39;49m[30;43m.[39;49m[30;43m_get_merge_keys[39;49m[30;43m([39;49m[30;43m)[39;49m
[32m   1020[39m [38;5;28;01mif[39;00m left_drop:
[32m   1021[39m     [38;5;28mself[39m.left = [38;5;28mself[39m.left._drop_labels_or_levels(left_drop)

[36mFile [39m[32m~\AppData\Roaming\Python\Python314\site-packages\pandas\core\reshape\merge.py:1650[39m, in [36m_MergeOperation._get_merge_keys[39m[34m(self)[39m
[32m   1646[39m     [38;5;28;01melse[39;00m:
[32m   1647[39m         [38;5;66;03m# Then we're either Hashable or a wrong-length arraylike,[39;00m
[32m   1648[39m         [38;5;66;03m#  the latter of which will raise[39;00m
[32m   1649[39m         k = cast(Hashable, k)
[32m-> [39m[32m1650[39m         left_keys.append([30;43mleft[39;49m[30;43m.[39;49m[30;43m_get_label_or_level_values[39;49m[30;43m([39;49m[30;43mk[39;49m[30;43m)[39;49m)
[32m   1651[39m         join_names.append(k)
[32m   1652[39m [38;5;28;01mif[39;00m [38;5;28misinstance[39m([38;5;28mself[39m.right.index, MultiIndex):

[36mFile [39m[32m~\AppData\Roaming\Python\Python314\site-packages\pandas\core\generic.py:1776[39m, in [36mNDFrame._get_label_or_level_values[39m[34m(self, key, axis)[39m
[32m   1772[39m             values = self.xs(key, axis=first_other_axes)._values
[32m   1773[39m         [38;5;28;01melif[39;00m self._is_level_reference(key, axis=axis):
[32m   1774[39m             values = self.axes[axis].get_level_values(key)._values
[32m   1775[39m         [38;5;28;01melse[39;00m:
[32m-> [39m[32m1776[39m             [38;5;28;01mraise[39;00m KeyError(key)
[32m   1777[39m 
[32m   1778[39m         [38;5;66;03m# Check for duplicates[39;00m
[32m   1779[39m         [38;5;28;01mif[39;00m values.ndim > [32m1[39m:

[31mKeyError[39m: 'neighbourhoods'

