Traceback (most recent call last):
  File "C:\Users\edier\miniconda3\envs\geospatial\Lib\site-packages\jupyter_cache\executors\utils.py", line 58, in single_nb_execution
    executenb(
    ~~~~~~~~~^
        nb,
        ^^^
    ...<4 lines>...
        **kwargs,
        ^^^^^^^^^
    )
    ^
  File "C:\Users\edier\miniconda3\envs\geospatial\Lib\site-packages\nbclient\client.py", line 1323, in execute
    return NotebookClient(nb=nb, resources=resources, km=km, **kwargs).execute()
           ~~~~~~~~~~~~~~~~~~~~~~~~~~~~~~~~~~~~~~~~~~~~~~~~~~~~~~~~~~~~~~~~~~~^^
  File "C:\Users\edier\AppData\Roaming\Python\Python314\site-packages\jupyter_core\utils\__init__.py", line 165, in wrapped
    return loop.run_until_complete(inner)
           ~~~~~~~~~~~~~~~~~~~~~~~^^^^^^^
  File "C:\Users\edier\miniconda3\envs\geospatial\Lib\asyncio\base_events.py", line 719, in run_until_complete
    return future.result()
           ~~~~~~~~~~~~~^^
  File "C:\Users\edier\miniconda3\envs\geospatial\Lib\site-packages\nbclient\client.py", line 709, in async_execute
    await self.async_execute_cell(
        cell, index, execution_count=self.code_cells_executed + 1
    )
  File "C:\Users\edier\miniconda3\envs\geospatial\Lib\site-packages\nbclient\client.py", line 1062, in async_execute_cell
    await self._check_raise_for_error(cell, cell_index, exec_reply)
  File "C:\Users\edier\miniconda3\envs\geospatial\Lib\site-packages\nbclient\client.py", line 918, in _check_raise_for_error
    raise CellExecutionError.from_cell_and_msg(cell, exec_reply_content)
nbclient.exceptions.CellExecutionError: An error occurred while executing the following cell:
------------------
import GPy

Q=1
x_tmp = np.linspace(0,10,200)[:,None]

plt.figure(figsize=(40,40))
i=1
plt.subplot(6,2,i); i+=1
kern = GPy.kern.RBF(Q)
kern.plot(ax=plt.gca());  plt.gca().set_title('RBF', fontsize=30); 
plt.subplot(6,2,i); i+=1
plt.imshow(kern.K(x_tmp)); plt.gca().set_title('Cov matrix:' + kern.name, fontsize=30)
plt.subplot(6,2,i); i+=1

kern = GPy.kern.Matern32(Q)
kern.plot(ax=plt.gca()); plt.gca().set_title('Matern 3/2', fontsize=30);
plt.subplot(6,2,i); i+=1
plt.imshow(kern.K(x_tmp)); plt.gca().set_title('Cov matrix:' + kern.name, fontsize=30)
plt.subplot(6,2,i); i+=1

kern = GPy.kern.PeriodicExponential(Q,period=np.pi/2)
kern.plot(ax=plt.gca()); plt.gca().set_title('Periodic', fontsize=30);
plt.subplot(6,2,i); i+=1
plt.imshow(kern.K(x_tmp)); plt.gca().set_title('Cov matrix:' + kern.name, fontsize=30)
plt.subplot(6,2,i); i+=1

kern = GPy.kern.Bias(Q)
kern.plot(ax=plt.gca()); plt.gca().set_title('Bias (constant)', fontsize=30);
plt.subplot(6,2,i); i+=1
plt.imshow(kern.K(x_tmp)); plt.gca().set_title('Cov matrix:' + kern.name, fontsize=30)
plt.subplot(6,2,i); i+=1


# We can even add kernels and get a new one...
kern = GPy.kern.RBF(Q) + GPy.kern.Linear(Q,variances=0.1)
kern.plot(ax=plt.gca()); plt.gca().set_title('RBF + linear', fontsize=30)
plt.subplot(6,2,i); i+=1
plt.imshow(kern.K(x_tmp)); plt.gca().set_title('Cov matrix:' + kern.name, fontsize=30)
plt.subplot(6,2,i); i+=1


# ...or even multiply them!
kern = GPy.kern.RBF(Q) * GPy.kern.PeriodicExponential(Q,period=np.pi/2)
kern.plot(ax=plt.gca()); plt.gca().set_title('RBF x Periodic', fontsize=30)
plt.subplot(6,2,i); i+=1
plt.imshow(kern.K(x_tmp)); plt.gca().set_title('Cov matrix:' + kern.name, fontsize=30)

plt.suptitle('Cov. function form (left) and Sample cov. matrix (right)', fontsize=40);
------------------


[31m---------------------------------------------------------------------------[39m
[31mModuleNotFoundError[39m                       Traceback (most recent call last)
[36mCell[39m[36m [39m[32mIn[24][39m[32m, line 1[39m
[32m----> [39m[32m1[39m [38;5;28;01mimport[39;00m GPy
[32m      2[39m 
[32m      3[39m Q=[32m1[39m
[32m      4[39m x_tmp = np.linspace([32m0[39m,[32m10[39m,[32m200[39m)[:,[38;5;28;01mNone[39;00m]

[31mModuleNotFoundError[39m: No module named 'GPy'

